[16-Oct-2016 04:04:11 UTC] PHP Warning:  require(/home/ubuntu/workspace/bootstrap/../vendor/autoload.php): failed to open stream: No such file or directory in /home/ubuntu/workspace/bootstrap/autoload.php on line 17
[16-Oct-2016 04:04:11 UTC] PHP Stack trace:
[16-Oct-2016 04:04:11 UTC] PHP   1. {main}() /home/ubuntu/workspace/public/index.php:0
[16-Oct-2016 04:04:11 UTC] PHP   2. require() /home/ubuntu/workspace/public/index.php:22
[16-Oct-2016 04:04:11 UTC] PHP Fatal error:  require(): Failed opening required '/home/ubuntu/workspace/bootstrap/../vendor/autoload.php' (include_path='.:/usr/share/php:/usr/share/pear') in /home/ubuntu/workspace/bootstrap/autoload.php on line 17
[16-Oct-2016 04:04:11 UTC] PHP Stack trace:
[16-Oct-2016 04:04:11 UTC] PHP   1. {main}() /home/ubuntu/workspace/public/index.php:0
[16-Oct-2016 04:04:11 UTC] PHP   2. require() /home/ubuntu/workspace/public/index.php:22
[16-Oct-2016 04:13:10 UTC] PHP Warning:  require(/home/ubuntu/workspace/bootstrap/../vendor/autoload.php): failed to open stream: No such file or directory in /home/ubuntu/workspace/bootstrap/autoload.php on line 17
[16-Oct-2016 04:13:10 UTC] PHP Stack trace:
[16-Oct-2016 04:13:10 UTC] PHP   1. {main}() /home/ubuntu/workspace/public/index.php:0
[16-Oct-2016 04:13:10 UTC] PHP   2. require() /home/ubuntu/workspace/public/index.php:22
[16-Oct-2016 04:13:10 UTC] PHP Fatal error:  require(): Failed opening required '/home/ubuntu/workspace/bootstrap/../vendor/autoload.php' (include_path='.:/usr/share/php:/usr/share/pear') in /home/ubuntu/workspace/bootstrap/autoload.php on line 17
[16-Oct-2016 04:13:10 UTC] PHP Stack trace:
[16-Oct-2016 04:13:10 UTC] PHP   1. {main}() /home/ubuntu/workspace/public/index.php:0
[16-Oct-2016 04:13:10 UTC] PHP   2. require() /home/ubuntu/workspace/public/index.php:22
[16-Oct-2016 04:23:50 UTC] PHP Warning:  require(/home/ubuntu/workspace/bootstrap/../vendor/autoload.php): failed to open stream: No such file or directory in /home/ubuntu/workspace/bootstrap/autoload.php on line 17
[16-Oct-2016 04:23:50 UTC] PHP Stack trace:
[16-Oct-2016 04:23:50 UTC] PHP   1. {main}() /home/ubuntu/workspace/public/index.php:0
[16-Oct-2016 04:23:50 UTC] PHP   2. require() /home/ubuntu/workspace/public/index.php:22
[16-Oct-2016 04:23:50 UTC] PHP Fatal error:  require(): Failed opening required '/home/ubuntu/workspace/bootstrap/../vendor/autoload.php' (include_path='.:/usr/share/php:/usr/share/pear') in /home/ubuntu/workspace/bootstrap/autoload.php on line 17
[16-Oct-2016 04:23:50 UTC] PHP Stack trace:
[16-Oct-2016 04:23:50 UTC] PHP   1. {main}() /home/ubuntu/workspace/public/index.php:0
[16-Oct-2016 04:23:50 UTC] PHP   2. require() /home/ubuntu/workspace/public/index.php:22
